# JRE version: Java(TM) SE Runtime Environment (8.0_211-b12) (build 1.8.0_211-b12)
# Java VM: Java HotSpot(TM) 64-Bit Server VM (25.211-b12 mixed mode windows-amd64 compressed oops)
Heap:
 PSYoungGen      total 160256K, used 67572K [0x00000000f5580000, 0x00000000ffe80000, 0x0000000100000000)
  eden space 149504K, 42% used [0x00000000f5580000,0x00000000f9396720,0x00000000fe780000)
  from space 10752K, 37% used [0x00000000ff400000,0x00000000ff7e6c60,0x00000000ffe80000)
  to   space 11776K, 0% used [0x00000000fe780000,0x00000000fe780000,0x00000000ff300000)
 ParOldGen       total 329216K, used 104556K [0x00000000e0000000, 0x00000000f4180000, 0x00000000f5580000)
  object space 329216K, 31% used [0x00000000e0000000,0x00000000e661b100,0x00000000f4180000)
 Metaspace       used 88984K, capacity 91910K, committed 92440K, reserved 1130496K
  class space    used 11537K, capacity 12172K, committed 12336K, reserved 1048576K
GC Heap History (10 events):
Event: 41.263 GC heap before
{Heap before GC invocations=60 (full 4):
 PSYoungGen      total 157696K, used 145280K [0x00000000f5580000, 0x0000000100000000, 0x0000000100000000)
  eden space 142336K, 100% used [0x00000000f5580000,0x00000000fe080000,0x00000000fe080000)
  from space 15360K, 19% used [0x00000000fe080000,0x00000000fe360030,0x00000000fef80000)
  to   space 14848K, 0% used [0x00000000ff180000,0x00000000ff180000,0x0000000100000000)
 ParOldGen       total 329216K, used 92920K [0x00000000e0000000, 0x00000000f4180000, 0x00000000f5580000)
  object space 329216K, 28% used [0x00000000e0000000,0x00000000e5abe388,0x00000000f4180000)
 Metaspace       used 88960K, capacity 91838K, committed 92184K, reserved 1128448K
  class space    used 11537K, capacity 12172K, committed 12336K, reserved 1048576K
Event: 41.276 GC heap after
Heap after GC invocations=60 (full 4):
 PSYoungGen      total 156672K, used 4690K [0x00000000f5580000, 0x00000000ffd80000, 0x0000000100000000)
  eden space 144384K, 0% used [0x00000000f5580000,0x00000000f5580000,0x00000000fe280000)
  from space 12288K, 38% used [0x00000000ff180000,0x00000000ff614880,0x00000000ffd80000)
  to   space 13824K, 0% used [0x00000000fe280000,0x00000000fe280000,0x00000000ff000000)
 ParOldGen       total 329216K, used 95522K [0x00000000e0000000, 0x00000000f4180000, 0x00000000f5580000)
  object space 329216K, 29% used [0x00000000e0000000,0x00000000e5d48990,0x00000000f4180000)
 Metaspace       used 88960K, capacity 91838K, committed 92184K, reserved 1128448K
  class space    used 11537K, capacity 12172K, committed 12336K, reserved 1048576K
}
Event: 41.617 GC heap before
{Heap before GC invocations=61 (full 4):
 PSYoungGen      total 156672K, used 149074K [0x00000000f5580000, 0x00000000ffd80000, 0x0000000100000000)
  eden space 144384K, 100% used [0x00000000f5580000,0x00000000fe280000,0x00000000fe280000)
  from space 12288K, 38% used [0x00000000ff180000,0x00000000ff614880,0x00000000ffd80000)
  to   space 13824K, 0% used [0x00000000fe280000,0x00000000fe280000,0x00000000ff000000)
 ParOldGen       total 329216K, used 95522K [0x00000000e0000000, 0x00000000f4180000, 0x00000000f5580000)
  object space 329216K, 29% used [0x00000000e0000000,0x00000000e5d48990,0x00000000f4180000)
 Metaspace       used 88970K, capacity 91842K, committed 92184K, reserved 1128448K
  class space    used 11537K, capacity 12172K, committed 12336K, reserved 1048576K
Event: 41.627 GC heap after
Heap after GC invocations=61 (full 4):
 PSYoungGen      total 158208K, used 4388K [0x00000000f5580000, 0x0000000100000000, 0x0000000100000000)
  eden space 144384K, 0% used [0x00000000f5580000,0x00000000f5580000,0x00000000fe280000)
  from space 13824K, 31% used [0x00000000fe280000,0x00000000fe6c9180,0x00000000ff000000)
  to   space 13312K, 0% used [0x00000000ff300000,0x00000000ff300000,0x0000000100000000)
 ParOldGen       total 329216K, used 99071K [0x00000000e0000000, 0x00000000f4180000, 0x00000000f5580000)
  object space 329216K, 30% used [0x00000000e0000000,0x00000000e60bff00,0x00000000f4180000)
 Metaspace       used 88970K, capacity 91842K, committed 92184K, reserved 1128448K
  class space    used 11537K, capacity 12172K, committed 12336K, reserved 1048576K
}
Event: 41.962 GC heap before
{Heap before GC invocations=62 (full 4):
 PSYoungGen      total 158208K, used 148772K [0x00000000f5580000, 0x0000000100000000, 0x0000000100000000)
  eden space 144384K, 100% used [0x00000000f5580000,0x00000000fe280000,0x00000000fe280000)
  from space 13824K, 31% used [0x00000000fe280000,0x00000000fe6c9180,0x00000000ff000000)
  to   space 13312K, 0% used [0x00000000ff300000,0x00000000ff300000,0x0000000100000000)
 ParOldGen       total 329216K, used 99071K [0x00000000e0000000, 0x00000000f4180000, 0x00000000f5580000)
  object space 329216K, 30% used [0x00000000e0000000,0x00000000e60bff00,0x00000000f4180000)
 Metaspace       used 88976K, capacity 91846K, committed 92184K, reserved 1128448K
  class space    used 11537K, capacity 12172K, committed 12336K, reserved 1048576K
Event: 41.969 GC heap after
Heap after GC invocations=62 (full 4):
 PSYoungGen      total 159232K, used 4059K [0x00000000f5580000, 0x00000000ffe80000, 0x0000000100000000)
  eden space 147456K, 0% used [0x00000000f5580000,0x00000000f5580000,0x00000000fe580000)
  from space 11776K, 34% used [0x00000000ff300000,0x00000000ff6f6d60,0x00000000ffe80000)
  to   space 12800K, 0% used [0x00000000fe580000,0x00000000fe580000,0x00000000ff200000)
 ParOldGen       total 329216K, used 102275K [0x00000000e0000000, 0x00000000f4180000, 0x00000000f5580000)
  object space 329216K, 31% used [0x00000000e0000000,0x00000000e63e0db8,0x00000000f4180000)
 Metaspace       used 88976K, capacity 91846K, committed 92184K, reserved 1128448K
  class space    used 11537K, capacity 12172K, committed 12336K, reserved 1048576K
}
Event: 42.285 GC heap before
{Heap before GC invocations=63 (full 4):
 PSYoungGen      total 159232K, used 151515K [0x00000000f5580000, 0x00000000ffe80000, 0x0000000100000000)
  eden space 147456K, 100% used [0x00000000f5580000,0x00000000fe580000,0x00000000fe580000)
  from space 11776K, 34% used [0x00000000ff300000,0x00000000ff6f6d60,0x00000000ffe80000)
  to   space 12800K, 0% used [0x00000000fe580000,0x00000000fe580000,0x00000000ff200000)
 ParOldGen       total 329216K, used 102275K [0x00000000e0000000, 0x00000000f4180000, 0x00000000f5580000)
  object space 329216K, 31% used [0x00000000e0000000,0x00000000e63e0db8,0x00000000f4180000)
 Metaspace       used 88977K, capacity 91846K, committed 92184K, reserved 1128448K
  class space    used 11537K, capacity 12172K, committed 12336K, reserved 1048576K
Event: 42.295 GC heap after
Heap after GC invocations=63 (full 4):
 PSYoungGen      total 160256K, used 5429K [0x00000000f5580000, 0x0000000100000000, 0x0000000100000000)
  eden space 147456K, 0% used [0x00000000f5580000,0x00000000f5580000,0x00000000fe580000)
  from space 12800K, 42% used [0x00000000fe580000,0x00000000feacd4b0,0x00000000ff200000)
  to   space 12288K, 0% used [0x00000000ff400000,0x00000000ff400000,0x0000000100000000)
 ParOldGen       total 329216K, used 104220K [0x00000000e0000000, 0x00000000f4180000, 0x00000000f5580000)
  object space 329216K, 31% used [0x00000000e0000000,0x00000000e65c7330,0x00000000f4180000)
 Metaspace       used 88977K, capacity 91846K, committed 92184K, reserved 1128448K
  class space    used 11537K, capacity 12172K, committed 12336K, reserved 1048576K
}
Event: 42.597 GC heap before
{Heap before GC invocations=64 (full 4):
 PSYoungGen      total 160256K, used 152885K [0x00000000f5580000, 0x0000000100000000, 0x0000000100000000)
  eden space 147456K, 100% used [0x00000000f5580000,0x00000000fe580000,0x00000000fe580000)
  from space 12800K, 42% used [0x00000000fe580000,0x00000000feacd4b0,0x00000000ff200000)
  to   space 12288K, 0% used [0x00000000ff400000,0x00000000ff400000,0x0000000100000000)
 ParOldGen       total 329216K, used 104220K [0x00000000e0000000, 0x00000000f4180000, 0x00000000f5580000)
  object space 329216K, 31% used [0x00000000e0000000,0x00000000e65c7330,0x00000000f4180000)
 Metaspace       used 88981K, capacity 91910K, committed 92440K, reserved 1130496K
  class space    used 11537K, capacity 12172K, committed 12336K, reserved 1048576K
Event: 42.606 GC heap after
Heap after GC invocations=64 (full 4):
 PSYoungGen      total 160256K, used 3995K [0x00000000f5580000, 0x00000000ffe80000, 0x0000000100000000)
  eden space 149504K, 0% used [0x00000000f5580000,0x00000000f5580000,0x00000000fe780000)
  from space 10752K, 37% used [0x00000000ff400000,0x00000000ff7e6c60,0x00000000ffe80000)
  to   space 11776K, 0% used [0x00000000fe780000,0x00000000fe780000,0x00000000ff300000)
 ParOldGen       total 329216K, used 104556K [0x00000000e0000000, 0x00000000f4180000, 0x00000000f5580000)
  object space 329216K, 31% used [0x00000000e0000000,0x00000000e661b100,0x00000000f4180000)
 Metaspace       used 88981K, capacity 91910K, committed 92440K, reserved 1130496K
  class space    used 11537K, capacity 12172K, committed 12336K, reserved 1048576K
}

